[INFO] A new account has been created. ID: AlexKim 2018-11-17 18:09:47,572
[INFO] Username: AlexKim Login successful 2018-11-17 18:10:26,050
[INFO] Image file: C:\Users\geonw\Desktop\picture.jpg has been edited to size 255 x 255 2018-11-17 18:10:39,425
[WARNING] Login Failed: Invalid Username or Password 2018-11-17 18:12:58,356
[WARNING] Login Failed: Invalid Username or Password 2018-11-17 18:15:08,069
[WARNING] Login Failed: Invalid Username or Password 2018-11-17 18:15:25,648
[WARNING] Login Failed: Invalid Username or Password 2018-11-30 12:51:23,664
[WARNING] Login Failed: Invalid Username or Password 2018-11-30 12:54:53,602
[WARNING] Login Failed: Invalid Username or Password 2018-11-30 12:55:12,841
[WARNING] Login Failed: Invalid Username or Password 2018-11-30 12:55:15,183
[WARNING] Login Failed: Invalid Username or Password 2018-11-30 12:55:22,081
[WARNING] Login Failed: Invalid Username or Password 2018-11-30 12:55:45,243
[WARNING] Login Failed: Invalid Username or Password 2018-11-30 12:56:36,916
[WARNING] Login Failed: Invalid Username or Password 2018-11-30 12:57:19,287
[INFO] Username: gk1307 Login successful 2018-11-30 12:57:29,166
[WARNING] Login Failed: Invalid Username or Password 2018-11-30 12:59:22,004
[WARNING] Login Failed: Invalid Username or Password 2018-11-30 12:59:33,904
[WARNING] Login Failed: Invalid Username or Password 2018-11-30 12:59:53,669
[WARNING] Login Failed: Invalid Username or Password 2018-11-30 12:59:54,596
[INFO] Username: gk1307 Login successful 2018-11-30 13:00:05,648
[INFO] Username: gk1307 Login successful 2018-11-30 13:37:46,470
[WARNING] Login Failed: Invalid Username or Password 2018-11-30 13:53:19,071
[WARNING] Login Failed: Invalid Username or Password 2018-11-30 13:53:54,377
[WARNING] Login Failed: Invalid Username or Password 2018-11-30 13:54:52,938
[INFO] Username: gk1307 Login successful 2018-11-30 14:06:43,243
[WARNING] Login Failed: Invalid Username or Password 2018-11-30 14:07:28,324
[WARNING] Login Failed: Invalid Username or Password 2018-11-30 14:07:42,022
[INFO] Username: gk1307 Login successful 2018-11-30 14:26:52,526
[WARNING] Login Failed: Invalid Username or Password 2018-11-30 15:08:55,680
[WARNING] Login Failed: Invalid Username or Password 2018-11-30 15:22:30,305
